<?xml version="1.0" encoding="UTF-8" ?>
<testsuite failures="0" time="14.175" errors="0" skipped="0" tests="14" name="gov.nih.nlm.ncbi.www.soap.eutils.EUtilsServiceTest">
  <properties>
    <property name="java.runtime.name" value="Java(TM) SE Runtime Environment"/>
    <property name="sun.boot.library.path" value="C:\Program Files\Java\jdk1.6.0_45\jre\bin"/>
    <property name="java.vm.version" value="20.45-b01"/>
    <property name="java.vm.vendor" value="Sun Microsystems Inc."/>
    <property name="java.vendor.url" value="http://java.sun.com/"/>
    <property name="path.separator" value=";"/>
    <property name="guice.disable.misplaced.annotation.check" value="true"/>
    <property name="java.vm.name" value="Java HotSpot(TM) 64-Bit Server VM"/>
    <property name="file.encoding.pkg" value="sun.io"/>
    <property name="user.country" value="ES"/>
    <property name="sun.java.launcher" value="SUN_STANDARD"/>
    <property name="sun.os.patch.level" value="Service Pack 1"/>
    <property name="java.vm.specification.name" value="Java Virtual Machine Specification"/>
    <property name="user.dir" value="C:\ANGEL\WORKSPACE_VHIR\pubMedClient"/>
    <property name="java.runtime.version" value="1.6.0_45-b06"/>
    <property name="java.awt.graphicsenv" value="sun.awt.Win32GraphicsEnvironment"/>
    <property name="java.endorsed.dirs" value="C:\Program Files\Java\jdk1.6.0_45\jre\lib\endorsed"/>
    <property name="os.arch" value="amd64"/>
    <property name="java.io.tmpdir" value="C:\Users\vass\AppData\Local\Temp\"/>
    <property name="line.separator" value="
"/>
    <property name="java.vm.specification.vendor" value="Sun Microsystems Inc."/>
    <property name="user.variant" value=""/>
    <property name="os.name" value="Windows 7"/>
    <property name="classworlds.conf" value="C:\ANGEL\WORKSPACE_VHIR\.metadata\.plugins\org.eclipse.m2e.core\launches\m2conf154865376654846401.tmp"/>
    <property name="sun.jnu.encoding" value="Cp1252"/>
    <property name="java.library.path" value="C:\Program Files\Java\jdk1.6.0_45\bin;C:\Windows\Sun\Java\bin;C:\Windows\system32;C:\Windows;C:\Program Files\Lenovo Fingerprint Reader\;C:\Program Files (x86)\Intel\iCLS Client\;C:\Program Files\Intel\iCLS Client\;C:\Windows\system32;C:\Windows;C:\Windows\System32\Wbem;C:\Windows\System32\WindowsPowerShell\v1.0\;C:\Program Files\Intel\Intel(R) Management Engine Components\DAL;C:\Program Files\Intel\Intel(R) Management Engine Components\IPT;C:\Program Files (x86)\Intel\Intel(R) Management Engine Components\DAL;C:\Program Files (x86)\Intel\Intel(R) Management Engine Components\IPT;C:\Program Files (x86)\Intel\OpenCL SDK\2.0\bin\x86;C:\Program Files (x86)\Intel\OpenCL SDK\2.0\bin\x64;C:\Program Files\Intel\WiFi\bin\;C:\Program Files\Common Files\Intel\WirelessCommon\;C:\Program Files\Common Files\Lenovo;C:\Program Files (x86)\Common Files\Ulead Systems\MPEG;C:\SWTOOLS\ReadyApps;C:\Program Files (x86)\Common Files\Lenovo;C:\Program Files\TortoiseSVN\bin;C:\Program Files\TortoiseGit\bin;C:\Program Files (x86)\Git\cmd;C:\Program Files (x86)\Git\bin;C:\strawberry\c\bin;C:\strawberry\perl\bin;C:\PROGRAMAS_VASS\Vagrant\bin;."/>
    <property name="java.specification.name" value="Java Platform API Specification"/>
    <property name="java.class.version" value="50.0"/>
    <property name="sun.management.compiler" value="HotSpot 64-Bit Tiered Compilers"/>
    <property name="os.version" value="6.1"/>
    <property name="user.home" value="C:\Users\vass"/>
    <property name="user.timezone" value="Europe/Paris"/>
    <property name="java.awt.printerjob" value="sun.awt.windows.WPrinterJob"/>
    <property name="file.encoding" value="Cp1252"/>
    <property name="java.specification.version" value="1.6"/>
    <property name="user.name" value="vass"/>
    <property name="java.class.path" value="/C:/canigo/eclipsePlay/configuration/org.eclipse.osgi/bundles/832/1/.cp/jars/plexus-classworlds-2.4.jar"/>
    <property name="java.vm.specification.version" value="1.0"/>
    <property name="sun.arch.data.model" value="64"/>
    <property name="java.home" value="C:\Program Files\Java\jdk1.6.0_45\jre"/>
    <property name="sun.java.command" value="org.codehaus.plexus.classworlds.launcher.Launcher -B -s C:\Users\vass\.m2\settings.xml install"/>
    <property name="java.specification.vendor" value="Sun Microsystems Inc."/>
    <property name="user.language" value="es"/>
    <property name="awt.toolkit" value="sun.awt.windows.WToolkit"/>
    <property name="java.vm.info" value="mixed mode"/>
    <property name="java.version" value="1.6.0_45"/>
    <property name="java.ext.dirs" value="C:\Program Files\Java\jdk1.6.0_45\jre\lib\ext;C:\Windows\Sun\Java\lib\ext"/>
    <property name="sun.boot.class.path" value="C:\Program Files\Java\jdk1.6.0_45\jre\lib\resources.jar;C:\Program Files\Java\jdk1.6.0_45\jre\lib\rt.jar;C:\Program Files\Java\jdk1.6.0_45\jre\lib\sunrsasign.jar;C:\Program Files\Java\jdk1.6.0_45\jre\lib\jsse.jar;C:\Program Files\Java\jdk1.6.0_45\jre\lib\jce.jar;C:\Program Files\Java\jdk1.6.0_45\jre\lib\charsets.jar;C:\Program Files\Java\jdk1.6.0_45\jre\lib\modules\jdk.boot.jar;C:\Program Files\Java\jdk1.6.0_45\jre\classes"/>
    <property name="java.vendor" value="Sun Microsystems Inc."/>
    <property name="maven.home" value="C:\ANGEL\WORKSPACE_VHIR\pubMedClient\EMBEDDED"/>
    <property name="file.separator" value="\"/>
    <property name="java.vendor.url.bug" value="http://java.sun.com/cgi-bin/bugreport.cgi"/>
    <property name="sun.cpu.endian" value="little"/>
    <property name="sun.io.unicode.encoding" value="UnicodeLittle"/>
    <property name="sun.desktop" value="windows"/>
    <property name="sun.cpu.isalist" value="amd64"/>
  </properties>
  <testcase time="3.951" classname="gov.nih.nlm.ncbi.www.soap.eutils.EUtilsServiceTest" name="testrun_eSearch"/>
  <testcase time="0.566" classname="gov.nih.nlm.ncbi.www.soap.eutils.EUtilsServiceTest" name="testStartrun_eSearch"/>
  <testcase time="1.129" classname="gov.nih.nlm.ncbi.www.soap.eutils.EUtilsServiceTest" name="testrun_eLink"/>
  <testcase time="0.518" classname="gov.nih.nlm.ncbi.www.soap.eutils.EUtilsServiceTest" name="testStartrun_eLink"/>
  <testcase time="1.167" classname="gov.nih.nlm.ncbi.www.soap.eutils.EUtilsServiceTest" name="testrun_eInfo"/>
  <testcase time="0.465" classname="gov.nih.nlm.ncbi.www.soap.eutils.EUtilsServiceTest" name="testStartrun_eInfo"/>
  <testcase time="0.958" classname="gov.nih.nlm.ncbi.www.soap.eutils.EUtilsServiceTest" name="testrun_eSpell"/>
  <testcase time="0.528" classname="gov.nih.nlm.ncbi.www.soap.eutils.EUtilsServiceTest" name="testStartrun_eSpell"/>
  <testcase time="1.136" classname="gov.nih.nlm.ncbi.www.soap.eutils.EUtilsServiceTest" name="testrun_eSummary"/>
  <testcase time="0.391" classname="gov.nih.nlm.ncbi.www.soap.eutils.EUtilsServiceTest" name="testStartrun_eSummary"/>
  <testcase time="1.292" classname="gov.nih.nlm.ncbi.www.soap.eutils.EUtilsServiceTest" name="testrun_eGquery"/>
  <testcase time="0.398" classname="gov.nih.nlm.ncbi.www.soap.eutils.EUtilsServiceTest" name="testStartrun_eGquery"/>
  <testcase time="1.17" classname="gov.nih.nlm.ncbi.www.soap.eutils.EUtilsServiceTest" name="testrun_ePost"/>
  <testcase time="0.388" classname="gov.nih.nlm.ncbi.www.soap.eutils.EUtilsServiceTest" name="testStartrun_ePost"/>
</testsuite>